<?xml version="1.0" encoding="UTF-8"?>
<!-- Generated by org.testng.reporters.JUnitReportReporter -->
<testsuite skipped="0" hostname="Naumans-PC" name="com.ultimateqa.courses.testsuite.HomePageTest" tests="1" failures="0" timestamp="2022-12-13T21:50:45 GMT" time="6.798" errors="0">
  <testcase name="userShouldNavigateToLoginPageSuccessfully" time="6.798" classname="com.ultimateqa.courses.testsuite.HomePageTest"/>
  <system-out>
    <![CDATA[Clicking on Signin Button [[ChromeDriver: chrome on WINDOWS (f132fcbd013be07ce4486af1d77b1c8a)] -> xpath: //a[contains(text(),'Sign In')]]
The welcome Text is [[ChromeDriver: chrome on WINDOWS (f132fcbd013be07ce4486af1d77b1c8a)] -> xpath: //h2[contains(text(),'Welcome Back!')]]
Click to see screenshot
<a target = "_blank" href=C:\Users\nik_7\IdeaProjects\project3-ultimateqa-pagefactory-nauman/test-output/html/userShouldNavigateToLoginPageSuccessfullyTue_Dec_13_21_50_38_GMT_2022.jpg>Screenshot</a>
<br>
<br>
<a target = "_blank" href=C:\Users\nik_7\IdeaProjects\project3-ultimateqa-pagefactory-nauman/test-output/html/userShouldNavigateToLoginPageSuccessfullyTue_Dec_13_21_50_38_GMT_2022.jpg><img src=C:\Users\nik_7\IdeaProjects\project3-ultimateqa-pagefactory-nauman/test-output/html/userShouldNavigateToLoginPageSuccessfullyTue_Dec_13_21_50_38_GMT_2022.jpg height=200 width=200></img></a>]]>
  </system-out>
</testsuite> <!-- com.ultimateqa.courses.testsuite.HomePageTest -->
