<?xml version="1.0" encoding="UTF-8"?>
<!-- Generated by org.testng.reporters.JUnitReportReporter -->
<testsuite skipped="0" hostname="Naumans-PC" name="com.ultimateqa.courses.testsuite.LoginPageTest" tests="1" failures="0" timestamp="2022-12-13T21:50:45 GMT" time="5.566" errors="0">
  <testcase name="verifyTheErrorMessage" time="5.566" classname="com.ultimateqa.courses.testsuite.LoginPageTest"/>
  <system-out>
    <![CDATA[Clicking on Signin Button [[ChromeDriver: chrome on WINDOWS (2e9a7ef43e7e702b27d8e6ed28677468)] -> xpath: //a[contains(text(),'Sign In')]]
Enter user name abc@gmail.com to username field [[ChromeDriver: chrome on WINDOWS (2e9a7ef43e7e702b27d8e6ed28677468)] -> id: user[email]]
Enter user name abc123 to username field [[ChromeDriver: chrome on WINDOWS (2e9a7ef43e7e702b27d8e6ed28677468)] -> name: user[password]]
Clicking on Login Button [[ChromeDriver: chrome on WINDOWS (2e9a7ef43e7e702b27d8e6ed28677468)] -> xpath: //button[contains(text(),'Sign in')]]
The error message is[[ChromeDriver: chrome on WINDOWS (2e9a7ef43e7e702b27d8e6ed28677468)] -> xpath: //li[contains(text(),'Invalid email or password.')]]
Click to see screenshot
<a target = "_blank" href=C:\Users\nik_7\IdeaProjects\project3-ultimateqa-pagefactory-nauman/test-output/html/verifyTheErrorMessageTue_Dec_13_21_50_44_GMT_2022.jpg>Screenshot</a>
<br>
<br>
<a target = "_blank" href=C:\Users\nik_7\IdeaProjects\project3-ultimateqa-pagefactory-nauman/test-output/html/verifyTheErrorMessageTue_Dec_13_21_50_44_GMT_2022.jpg><img src=C:\Users\nik_7\IdeaProjects\project3-ultimateqa-pagefactory-nauman/test-output/html/verifyTheErrorMessageTue_Dec_13_21_50_44_GMT_2022.jpg height=200 width=200></img></a>]]>
  </system-out>
</testsuite> <!-- com.ultimateqa.courses.testsuite.LoginPageTest -->
